<?xml version="1.0" encoding="UTF-8"?>
<!-- Generated by org.testng.reporters.JUnitReportReporter -->
<testsuite hostname="Jithendra" failures="0" tests="1" name="generic.BaseTest" time="0.007" errors="0" timestamp="2024-01-12T14:58:47 IST" skipped="0">
  <testcase classname="generic.BaseTest" name="testA" time="0.007">
    <system-out>
      <![CDATA[Hello]]>
    </system-out>
  </testcase> <!-- testA -->
  <system-out>
    <![CDATA[Hello]]>
  </system-out>
</testsuite> <!-- generic.BaseTest -->
