<?xml version="1.0" encoding="UTF-8"?>
<!-- Generated by org.testng.reporters.JUnitReportReporter -->
<testsuite hostname="Jithendra" failures="0" tests="1" name="scripts.Test1" time="9.145" errors="0" timestamp="2024-02-16T13:11:23 IST" skipped="0">
  <testcase classname="scripts.Test1" name="validLogin" time="9.145">
    <system-out>
      <![CDATA[HomePage is Displayed]]>
    </system-out>
  </testcase> <!-- validLogin -->
  <system-out>
    <![CDATA[Local : Chrome Browser Lauched
Maximize the browser
Enter the URL : https://pos.aksharatraining.in/pos/public/
Set ITO : 10
Set ETO : 20
HomePage is Displayed
validLogin
validLoginTestCase is Passed , Screenshot is NOT taken
Browser is closed]]>
  </system-out>
</testsuite> <!-- scripts.Test1 -->
